c:\users\frank\desktop\salud\salud\debug\vc142.pdb
c:\users\frank\desktop\salud\salud\debug\inicio.obj
c:\users\frank\desktop\salud\salud\debug\datos.obj
c:\users\frank\desktop\salud\salud\debug\atencion.obj
c:\users\frank\desktop\salud\salud\debug\.netframework,version=v4.6.1.assemblyattributes.obj
c:\users\frank\desktop\salud\salud\debug\.netframework,version=v4.6.1.assemblyattributes.asm
c:\users\frank\desktop\salud\debug\salud.exe
c:\users\frank\desktop\salud\debug\salud.pdb
c:\users\frank\desktop\salud\salud\debug\salud.atencion.resources
c:\users\frank\desktop\salud\salud\debug\salud.datos.resources
c:\users\frank\desktop\salud\salud\debug\salud.inicio.resources
c:\users\frank\desktop\salud\salud\debug\salud.vcxproj.generateresource.cache
c:\users\frank\desktop\salud\salud\debug\salud.tlog\cl.command.1.tlog
c:\users\frank\desktop\salud\salud\debug\salud.tlog\cl.read.1.tlog
c:\users\frank\desktop\salud\salud\debug\salud.tlog\cl.write.1.tlog
c:\users\frank\desktop\salud\salud\debug\salud.tlog\link.command.1.tlog
c:\users\frank\desktop\salud\salud\debug\salud.tlog\link.read.1.tlog
c:\users\frank\desktop\salud\salud\debug\salud.tlog\link.write.1.tlog
c:\users\frank\desktop\salud\salud\debug\salud.tlog\metagen.read.1.tlog
c:\users\frank\desktop\salud\salud\debug\salud.tlog\metagen.write.1.tlog
c:\users\frank\desktop\salud\salud\debug\salud.tlog\salud.write.1u.tlog
